2023-11-29 05:56:21,658 [Worker-5: Loading available Gradle versions] INFO  o.e.b.c.i.u.g.PublishedGradleVersions - Gradle version information cache is up-to-date. Trying to read.
2023-11-29 06:05:33,458 [Worker-24: Launching mavenrun-d6faee57-d324-4bfb-b4b9-78e43bac62df] INFO  o.eclipse.m2e.core.internal.Bundles - getClasspathEntries(Bundle=org.eclipse.m2e.maven.runtime_3.9.400.20230826-0755 [621])
2023-11-29 06:05:33,461 [Worker-24: Launching mavenrun-d6faee57-d324-4bfb-b4b9-78e43bac62df] INFO  o.eclipse.m2e.core.internal.Bundles - 	Entry: C:\Users\gillescas\.p2\pool\plugins\org.eclipse.m2e.maven.runtime_3.9.400.20230826-0755
2023-11-29 06:05:33,461 [Worker-24: Launching mavenrun-d6faee57-d324-4bfb-b4b9-78e43bac62df] INFO  o.eclipse.m2e.core.internal.Bundles - 	Entry: C:\Users\gillescas\.p2\pool\plugins\org.eclipse.m2e.maven.runtime_3.9.400.20230826-0755\jars\aether-connector-okhttp-0.17.8.jar
2023-11-29 06:05:33,462 [Worker-24: Launching mavenrun-d6faee57-d324-4bfb-b4b9-78e43bac62df] INFO  o.eclipse.m2e.core.internal.Bundles - 	Entry: C:\Users\gillescas\.p2\pool\plugins\org.eclipse.m2e.maven.runtime_3.9.400.20230826-0755\jars\aopalliance-1.0.jar
2023-11-29 06:05:33,463 [Worker-24: Launching mavenrun-d6faee57-d324-4bfb-b4b9-78e43bac62df] INFO  o.eclipse.m2e.core.internal.Bundles - 	Entry: C:\Users\gillescas\.p2\pool\plugins\org.eclipse.m2e.maven.runtime_3.9.400.20230826-0755\jars\commons-lang3-3.12.0.jar
2023-11-29 06:05:33,463 [Worker-24: Launching mavenrun-d6faee57-d324-4bfb-b4b9-78e43bac62df] INFO  o.eclipse.m2e.core.internal.Bundles - 	Entry: C:\Users\gillescas\.p2\pool\plugins\org.eclipse.m2e.maven.runtime_3.9.400.20230826-0755\jars\guice-5.1.0.jar
2023-11-29 06:05:33,463 [Worker-24: Launching mavenrun-d6faee57-d324-4bfb-b4b9-78e43bac62df] INFO  o.eclipse.m2e.core.internal.Bundles - 	Entry: C:\Users\gillescas\.p2\pool\plugins\org.eclipse.m2e.maven.runtime_3.9.400.20230826-0755\jars\jansi-2.4.0.jar
2023-11-29 06:05:33,463 [Worker-24: Launching mavenrun-d6faee57-d324-4bfb-b4b9-78e43bac62df] INFO  o.eclipse.m2e.core.internal.Bundles - 	Entry: C:\Users\gillescas\.p2\pool\plugins\org.eclipse.m2e.maven.runtime_3.9.400.20230826-0755\jars\maven-artifact-3.9.4.jar
2023-11-29 06:05:33,463 [Worker-24: Launching mavenrun-d6faee57-d324-4bfb-b4b9-78e43bac62df] INFO  o.eclipse.m2e.core.internal.Bundles - 	Entry: C:\Users\gillescas\.p2\pool\plugins\org.eclipse.m2e.maven.runtime_3.9.400.20230826-0755\jars\maven-builder-support-3.9.4.jar
2023-11-29 06:05:33,463 [Worker-24: Launching mavenrun-d6faee57-d324-4bfb-b4b9-78e43bac62df] INFO  o.eclipse.m2e.core.internal.Bundles - 	Entry: C:\Users\gillescas\.p2\pool\plugins\org.eclipse.m2e.maven.runtime_3.9.400.20230826-0755\jars\maven-compat-3.9.4.jar
2023-11-29 06:05:33,463 [Worker-24: Launching mavenrun-d6faee57-d324-4bfb-b4b9-78e43bac62df] INFO  o.eclipse.m2e.core.internal.Bundles - 	Entry: C:\Users\gillescas\.p2\pool\plugins\org.eclipse.m2e.maven.runtime_3.9.400.20230826-0755\jars\maven-core-3.9.4.jar
2023-11-29 06:05:33,464 [Worker-24: Launching mavenrun-d6faee57-d324-4bfb-b4b9-78e43bac62df] INFO  o.eclipse.m2e.core.internal.Bundles - 	Entry: C:\Users\gillescas\.p2\pool\plugins\org.eclipse.m2e.maven.runtime_3.9.400.20230826-0755\jars\maven-embedder-3.9.4.jar
2023-11-29 06:05:33,464 [Worker-24: Launching mavenrun-d6faee57-d324-4bfb-b4b9-78e43bac62df] INFO  o.eclipse.m2e.core.internal.Bundles - 	Entry: C:\Users\gillescas\.p2\pool\plugins\org.eclipse.m2e.maven.runtime_3.9.400.20230826-0755\jars\maven-model-3.9.4.jar
2023-11-29 06:05:33,464 [Worker-24: Launching mavenrun-d6faee57-d324-4bfb-b4b9-78e43bac62df] INFO  o.eclipse.m2e.core.internal.Bundles - 	Entry: C:\Users\gillescas\.p2\pool\plugins\org.eclipse.m2e.maven.runtime_3.9.400.20230826-0755\jars\maven-model-builder-3.9.4.jar
2023-11-29 06:05:33,464 [Worker-24: Launching mavenrun-d6faee57-d324-4bfb-b4b9-78e43bac62df] INFO  o.eclipse.m2e.core.internal.Bundles - 	Entry: C:\Users\gillescas\.p2\pool\plugins\org.eclipse.m2e.maven.runtime_3.9.400.20230826-0755\jars\maven-plugin-api-3.9.4.jar
2023-11-29 06:05:33,464 [Worker-24: Launching mavenrun-d6faee57-d324-4bfb-b4b9-78e43bac62df] INFO  o.eclipse.m2e.core.internal.Bundles - 	Entry: C:\Users\gillescas\.p2\pool\plugins\org.eclipse.m2e.maven.runtime_3.9.400.20230826-0755\jars\maven-repository-metadata-3.9.4.jar
2023-11-29 06:05:33,464 [Worker-24: Launching mavenrun-d6faee57-d324-4bfb-b4b9-78e43bac62df] INFO  o.eclipse.m2e.core.internal.Bundles - 	Entry: C:\Users\gillescas\.p2\pool\plugins\org.eclipse.m2e.maven.runtime_3.9.400.20230826-0755\jars\maven-resolver-api-1.9.14.jar
2023-11-29 06:05:33,464 [Worker-24: Launching mavenrun-d6faee57-d324-4bfb-b4b9-78e43bac62df] INFO  o.eclipse.m2e.core.internal.Bundles - 	Entry: C:\Users\gillescas\.p2\pool\plugins\org.eclipse.m2e.maven.runtime_3.9.400.20230826-0755\jars\maven-resolver-connector-basic-1.9.14.jar
2023-11-29 06:05:33,465 [Worker-24: Launching mavenrun-d6faee57-d324-4bfb-b4b9-78e43bac62df] INFO  o.eclipse.m2e.core.internal.Bundles - 	Entry: C:\Users\gillescas\.p2\pool\plugins\org.eclipse.m2e.maven.runtime_3.9.400.20230826-0755\jars\maven-resolver-impl-1.9.14.jar
2023-11-29 06:05:33,465 [Worker-24: Launching mavenrun-d6faee57-d324-4bfb-b4b9-78e43bac62df] INFO  o.eclipse.m2e.core.internal.Bundles - 	Entry: C:\Users\gillescas\.p2\pool\plugins\org.eclipse.m2e.maven.runtime_3.9.400.20230826-0755\jars\maven-resolver-named-locks-1.9.14.jar
2023-11-29 06:05:33,465 [Worker-24: Launching mavenrun-d6faee57-d324-4bfb-b4b9-78e43bac62df] INFO  o.eclipse.m2e.core.internal.Bundles - 	Entry: C:\Users\gillescas\.p2\pool\plugins\org.eclipse.m2e.maven.runtime_3.9.400.20230826-0755\jars\maven-resolver-provider-3.9.4.jar
2023-11-29 06:05:33,465 [Worker-24: Launching mavenrun-d6faee57-d324-4bfb-b4b9-78e43bac62df] INFO  o.eclipse.m2e.core.internal.Bundles - 	Entry: C:\Users\gillescas\.p2\pool\plugins\org.eclipse.m2e.maven.runtime_3.9.400.20230826-0755\jars\maven-resolver-spi-1.9.14.jar
2023-11-29 06:05:33,465 [Worker-24: Launching mavenrun-d6faee57-d324-4bfb-b4b9-78e43bac62df] INFO  o.eclipse.m2e.core.internal.Bundles - 	Entry: C:\Users\gillescas\.p2\pool\plugins\org.eclipse.m2e.maven.runtime_3.9.400.20230826-0755\jars\maven-resolver-transport-wagon-1.9.14.jar
2023-11-29 06:05:33,465 [Worker-24: Launching mavenrun-d6faee57-d324-4bfb-b4b9-78e43bac62df] INFO  o.eclipse.m2e.core.internal.Bundles - 	Entry: C:\Users\gillescas\.p2\pool\plugins\org.eclipse.m2e.maven.runtime_3.9.400.20230826-0755\jars\maven-resolver-util-1.9.14.jar
2023-11-29 06:05:33,465 [Worker-24: Launching mavenrun-d6faee57-d324-4bfb-b4b9-78e43bac62df] INFO  o.eclipse.m2e.core.internal.Bundles - 	Entry: C:\Users\gillescas\.p2\pool\plugins\org.eclipse.m2e.maven.runtime_3.9.400.20230826-0755\jars\maven-settings-3.9.4.jar
2023-11-29 06:05:33,466 [Worker-24: Launching mavenrun-d6faee57-d324-4bfb-b4b9-78e43bac62df] INFO  o.eclipse.m2e.core.internal.Bundles - 	Entry: C:\Users\gillescas\.p2\pool\plugins\org.eclipse.m2e.maven.runtime_3.9.400.20230826-0755\jars\maven-settings-builder-3.9.4.jar
2023-11-29 06:05:33,466 [Worker-24: Launching mavenrun-d6faee57-d324-4bfb-b4b9-78e43bac62df] INFO  o.eclipse.m2e.core.internal.Bundles - 	Entry: C:\Users\gillescas\.p2\pool\plugins\org.eclipse.m2e.maven.runtime_3.9.400.20230826-0755\jars\maven-shared-utils-3.3.4.jar
2023-11-29 06:05:33,466 [Worker-24: Launching mavenrun-d6faee57-d324-4bfb-b4b9-78e43bac62df] INFO  o.eclipse.m2e.core.internal.Bundles - 	Entry: C:\Users\gillescas\.p2\pool\plugins\org.eclipse.m2e.maven.runtime_3.9.400.20230826-0755\jars\okhttp-3.14.1.jar
2023-11-29 06:05:33,466 [Worker-24: Launching mavenrun-d6faee57-d324-4bfb-b4b9-78e43bac62df] INFO  o.eclipse.m2e.core.internal.Bundles - 	Entry: C:\Users\gillescas\.p2\pool\plugins\org.eclipse.m2e.maven.runtime_3.9.400.20230826-0755\jars\okio-1.17.3.jar
2023-11-29 06:05:33,467 [Worker-24: Launching mavenrun-d6faee57-d324-4bfb-b4b9-78e43bac62df] INFO  o.eclipse.m2e.core.internal.Bundles - 	Entry: C:\Users\gillescas\.p2\pool\plugins\org.eclipse.m2e.maven.runtime_3.9.400.20230826-0755\jars\org.eclipse.sisu.inject-0.3.5.jar
2023-11-29 06:05:33,467 [Worker-24: Launching mavenrun-d6faee57-d324-4bfb-b4b9-78e43bac62df] INFO  o.eclipse.m2e.core.internal.Bundles - 	Entry: C:\Users\gillescas\.p2\pool\plugins\org.eclipse.m2e.maven.runtime_3.9.400.20230826-0755\jars\org.eclipse.sisu.plexus-0.3.5.jar
2023-11-29 06:05:33,467 [Worker-24: Launching mavenrun-d6faee57-d324-4bfb-b4b9-78e43bac62df] INFO  o.eclipse.m2e.core.internal.Bundles - 	Entry: C:\Users\gillescas\.p2\pool\plugins\org.eclipse.m2e.maven.runtime_3.9.400.20230826-0755\jars\plexus-build-api-0.0.7.jar
2023-11-29 06:05:33,467 [Worker-24: Launching mavenrun-d6faee57-d324-4bfb-b4b9-78e43bac62df] INFO  o.eclipse.m2e.core.internal.Bundles - 	Entry: C:\Users\gillescas\.p2\pool\plugins\org.eclipse.m2e.maven.runtime_3.9.400.20230826-0755\jars\plexus-cipher-2.0.jar
2023-11-29 06:05:33,468 [Worker-24: Launching mavenrun-d6faee57-d324-4bfb-b4b9-78e43bac62df] INFO  o.eclipse.m2e.core.internal.Bundles - 	Entry: C:\Users\gillescas\.p2\pool\plugins\org.eclipse.m2e.maven.runtime_3.9.400.20230826-0755\jars\plexus-classworlds-2.7.0.jar
2023-11-29 06:05:33,468 [Worker-24: Launching mavenrun-d6faee57-d324-4bfb-b4b9-78e43bac62df] INFO  o.eclipse.m2e.core.internal.Bundles - 	Entry: C:\Users\gillescas\.p2\pool\plugins\org.eclipse.m2e.maven.runtime_3.9.400.20230826-0755\jars\plexus-component-annotations-2.1.0.jar
2023-11-29 06:05:33,468 [Worker-24: Launching mavenrun-d6faee57-d324-4bfb-b4b9-78e43bac62df] INFO  o.eclipse.m2e.core.internal.Bundles - 	Entry: C:\Users\gillescas\.p2\pool\plugins\org.eclipse.m2e.maven.runtime_3.9.400.20230826-0755\jars\plexus-interpolation-1.26.jar
2023-11-29 06:05:33,468 [Worker-24: Launching mavenrun-d6faee57-d324-4bfb-b4b9-78e43bac62df] INFO  o.eclipse.m2e.core.internal.Bundles - 	Entry: C:\Users\gillescas\.p2\pool\plugins\org.eclipse.m2e.maven.runtime_3.9.400.20230826-0755\jars\plexus-sec-dispatcher-2.0.jar
2023-11-29 06:05:33,468 [Worker-24: Launching mavenrun-d6faee57-d324-4bfb-b4b9-78e43bac62df] INFO  o.eclipse.m2e.core.internal.Bundles - 	Entry: C:\Users\gillescas\.p2\pool\plugins\org.eclipse.m2e.maven.runtime_3.9.400.20230826-0755\jars\plexus-utils-3.5.1.jar
2023-11-29 06:05:33,468 [Worker-24: Launching mavenrun-d6faee57-d324-4bfb-b4b9-78e43bac62df] INFO  o.eclipse.m2e.core.internal.Bundles - 	Entry: C:\Users\gillescas\.p2\pool\plugins\org.eclipse.m2e.maven.runtime_3.9.400.20230826-0755\jars\wagon-file-3.5.3.jar
2023-11-29 06:05:33,469 [Worker-24: Launching mavenrun-d6faee57-d324-4bfb-b4b9-78e43bac62df] INFO  o.eclipse.m2e.core.internal.Bundles - 	Entry: C:\Users\gillescas\.p2\pool\plugins\org.eclipse.m2e.maven.runtime_3.9.400.20230826-0755\jars\wagon-provider-api-3.5.3.jar
2023-11-29 06:05:33,471 [Worker-24: Launching mavenrun-d6faee57-d324-4bfb-b4b9-78e43bac62df] INFO  o.eclipse.m2e.core.internal.Bundles - getClasspathEntries(Bundle=com.google.guava_32.1.2.jre [12])
2023-11-29 06:05:33,472 [Worker-24: Launching mavenrun-d6faee57-d324-4bfb-b4b9-78e43bac62df] INFO  o.eclipse.m2e.core.internal.Bundles - 	Entry: C:\Users\gillescas\.p2\pool\plugins\com.google.guava_32.1.2.jre.jar
2023-11-29 06:05:33,472 [Worker-24: Launching mavenrun-d6faee57-d324-4bfb-b4b9-78e43bac62df] INFO  o.eclipse.m2e.core.internal.Bundles - getClasspathEntries(Bundle=slf4j.api_2.0.9 [982])
2023-11-29 06:05:33,472 [Worker-24: Launching mavenrun-d6faee57-d324-4bfb-b4b9-78e43bac62df] INFO  o.eclipse.m2e.core.internal.Bundles - 	Entry: C:\Users\gillescas\.p2\pool\plugins\slf4j.api_2.0.9.jar
2023-11-29 06:05:33,472 [Worker-24: Launching mavenrun-d6faee57-d324-4bfb-b4b9-78e43bac62df] INFO  o.eclipse.m2e.core.internal.Bundles - getClasspathEntries(Bundle=javax.inject_1.0.0.v20220405-0441 [38])
2023-11-29 06:05:33,473 [Worker-24: Launching mavenrun-d6faee57-d324-4bfb-b4b9-78e43bac62df] INFO  o.eclipse.m2e.core.internal.Bundles - 	Entry: C:\Users\gillescas\.p2\pool\plugins\javax.inject_1.0.0.v20220405-0441.jar
2023-11-29 06:05:33,473 [Worker-24: Launching mavenrun-d6faee57-d324-4bfb-b4b9-78e43bac62df] INFO  o.eclipse.m2e.core.internal.Bundles - getClasspathEntries(Bundle=javax.annotation_1.3.5.v20200909-1856 [36])
2023-11-29 06:05:33,473 [Worker-24: Launching mavenrun-d6faee57-d324-4bfb-b4b9-78e43bac62df] INFO  o.eclipse.m2e.core.internal.Bundles - 	Entry: C:\Users\gillescas\.p2\pool\plugins\javax.annotation_1.3.5.v20200909-1856.jar
2023-11-29 06:05:33,473 [Worker-24: Launching mavenrun-d6faee57-d324-4bfb-b4b9-78e43bac62df] INFO  o.eclipse.m2e.core.internal.Bundles - getClasspathEntries(Bundle=org.apache.commons.cli_1.5.0 [73])
2023-11-29 06:05:33,474 [Worker-24: Launching mavenrun-d6faee57-d324-4bfb-b4b9-78e43bac62df] INFO  o.eclipse.m2e.core.internal.Bundles - 	Entry: C:\Users\gillescas\.p2\pool\plugins\org.apache.commons.cli_1.5.0.jar
2023-11-29 06:05:33,474 [Worker-24: Launching mavenrun-d6faee57-d324-4bfb-b4b9-78e43bac62df] INFO  o.eclipse.m2e.core.internal.Bundles - getClasspathEntries(Bundle=com.google.guava.failureaccess_1.0.1 [14])
2023-11-29 06:05:33,474 [Worker-24: Launching mavenrun-d6faee57-d324-4bfb-b4b9-78e43bac62df] INFO  o.eclipse.m2e.core.internal.Bundles - 	Entry: C:\Users\gillescas\.p2\pool\plugins\com.google.guava.failureaccess_1.0.1.jar
2023-11-29 06:05:33,483 [Worker-24: Launching mavenrun-d6faee57-d324-4bfb-b4b9-78e43bac62df] INFO  o.e.m.i.launch.MavenLaunchDelegate - Run build in "C:\Users\GILLES~1\AppData\Local\Temp\m2e-archetypeGenerator16942979253229486116":
2023-11-29 06:05:33,490 [Worker-24: Launching mavenrun-d6faee57-d324-4bfb-b4b9-78e43bac62df] INFO  o.e.m.i.launch.MavenLaunchDelegate -  mvn  -DarchetypeGroupId=org.apache.maven.archetypes -DarchetypeArtifactId=maven-archetype-webapp -DarchetypeVersion=1.0 -DgroupId=gi23544 -DartifactId=ar.com.codoacodo -Dversion=0.0.1-SNAPSHOT -Dpackage=gi23544.ar.com.codoacodo -DoutputDirectory=D:\Desarrollo\TPGI23544 -Dstyle.color=always -U archetype:generate
2023-11-29 06:17:34,877 [Worker-27: Launching mavenrun-5c37b6c6-bf81-488d-91d2-01f123c91bac] INFO  o.eclipse.m2e.core.internal.Bundles - getClasspathEntries(Bundle=org.eclipse.m2e.maven.runtime_3.9.400.20230826-0755 [621])
2023-11-29 06:17:34,878 [Worker-27: Launching mavenrun-5c37b6c6-bf81-488d-91d2-01f123c91bac] INFO  o.eclipse.m2e.core.internal.Bundles - 	Entry: C:\Users\gillescas\.p2\pool\plugins\org.eclipse.m2e.maven.runtime_3.9.400.20230826-0755
2023-11-29 06:17:34,878 [Worker-27: Launching mavenrun-5c37b6c6-bf81-488d-91d2-01f123c91bac] INFO  o.eclipse.m2e.core.internal.Bundles - 	Entry: C:\Users\gillescas\.p2\pool\plugins\org.eclipse.m2e.maven.runtime_3.9.400.20230826-0755\jars\aether-connector-okhttp-0.17.8.jar
2023-11-29 06:17:34,878 [Worker-27: Launching mavenrun-5c37b6c6-bf81-488d-91d2-01f123c91bac] INFO  o.eclipse.m2e.core.internal.Bundles - 	Entry: C:\Users\gillescas\.p2\pool\plugins\org.eclipse.m2e.maven.runtime_3.9.400.20230826-0755\jars\aopalliance-1.0.jar
2023-11-29 06:17:34,879 [Worker-27: Launching mavenrun-5c37b6c6-bf81-488d-91d2-01f123c91bac] INFO  o.eclipse.m2e.core.internal.Bundles - 	Entry: C:\Users\gillescas\.p2\pool\plugins\org.eclipse.m2e.maven.runtime_3.9.400.20230826-0755\jars\commons-lang3-3.12.0.jar
2023-11-29 06:17:34,880 [Worker-27: Launching mavenrun-5c37b6c6-bf81-488d-91d2-01f123c91bac] INFO  o.eclipse.m2e.core.internal.Bundles - 	Entry: C:\Users\gillescas\.p2\pool\plugins\org.eclipse.m2e.maven.runtime_3.9.400.20230826-0755\jars\guice-5.1.0.jar
2023-11-29 06:17:34,881 [Worker-27: Launching mavenrun-5c37b6c6-bf81-488d-91d2-01f123c91bac] INFO  o.eclipse.m2e.core.internal.Bundles - 	Entry: C:\Users\gillescas\.p2\pool\plugins\org.eclipse.m2e.maven.runtime_3.9.400.20230826-0755\jars\jansi-2.4.0.jar
2023-11-29 06:17:34,881 [Worker-27: Launching mavenrun-5c37b6c6-bf81-488d-91d2-01f123c91bac] INFO  o.eclipse.m2e.core.internal.Bundles - 	Entry: C:\Users\gillescas\.p2\pool\plugins\org.eclipse.m2e.maven.runtime_3.9.400.20230826-0755\jars\maven-artifact-3.9.4.jar
2023-11-29 06:17:34,882 [Worker-27: Launching mavenrun-5c37b6c6-bf81-488d-91d2-01f123c91bac] INFO  o.eclipse.m2e.core.internal.Bundles - 	Entry: C:\Users\gillescas\.p2\pool\plugins\org.eclipse.m2e.maven.runtime_3.9.400.20230826-0755\jars\maven-builder-support-3.9.4.jar
2023-11-29 06:17:34,882 [Worker-27: Launching mavenrun-5c37b6c6-bf81-488d-91d2-01f123c91bac] INFO  o.eclipse.m2e.core.internal.Bundles - 	Entry: C:\Users\gillescas\.p2\pool\plugins\org.eclipse.m2e.maven.runtime_3.9.400.20230826-0755\jars\maven-compat-3.9.4.jar
2023-11-29 06:17:34,883 [Worker-27: Launching mavenrun-5c37b6c6-bf81-488d-91d2-01f123c91bac] INFO  o.eclipse.m2e.core.internal.Bundles - 	Entry: C:\Users\gillescas\.p2\pool\plugins\org.eclipse.m2e.maven.runtime_3.9.400.20230826-0755\jars\maven-core-3.9.4.jar
2023-11-29 06:17:34,883 [Worker-27: Launching mavenrun-5c37b6c6-bf81-488d-91d2-01f123c91bac] INFO  o.eclipse.m2e.core.internal.Bundles - 	Entry: C:\Users\gillescas\.p2\pool\plugins\org.eclipse.m2e.maven.runtime_3.9.400.20230826-0755\jars\maven-embedder-3.9.4.jar
2023-11-29 06:17:34,884 [Worker-27: Launching mavenrun-5c37b6c6-bf81-488d-91d2-01f123c91bac] INFO  o.eclipse.m2e.core.internal.Bundles - 	Entry: C:\Users\gillescas\.p2\pool\plugins\org.eclipse.m2e.maven.runtime_3.9.400.20230826-0755\jars\maven-model-3.9.4.jar
2023-11-29 06:17:34,884 [Worker-27: Launching mavenrun-5c37b6c6-bf81-488d-91d2-01f123c91bac] INFO  o.eclipse.m2e.core.internal.Bundles - 	Entry: C:\Users\gillescas\.p2\pool\plugins\org.eclipse.m2e.maven.runtime_3.9.400.20230826-0755\jars\maven-model-builder-3.9.4.jar
2023-11-29 06:17:34,884 [Worker-27: Launching mavenrun-5c37b6c6-bf81-488d-91d2-01f123c91bac] INFO  o.eclipse.m2e.core.internal.Bundles - 	Entry: C:\Users\gillescas\.p2\pool\plugins\org.eclipse.m2e.maven.runtime_3.9.400.20230826-0755\jars\maven-plugin-api-3.9.4.jar
2023-11-29 06:17:34,885 [Worker-27: Launching mavenrun-5c37b6c6-bf81-488d-91d2-01f123c91bac] INFO  o.eclipse.m2e.core.internal.Bundles - 	Entry: C:\Users\gillescas\.p2\pool\plugins\org.eclipse.m2e.maven.runtime_3.9.400.20230826-0755\jars\maven-repository-metadata-3.9.4.jar
2023-11-29 06:17:34,885 [Worker-27: Launching mavenrun-5c37b6c6-bf81-488d-91d2-01f123c91bac] INFO  o.eclipse.m2e.core.internal.Bundles - 	Entry: C:\Users\gillescas\.p2\pool\plugins\org.eclipse.m2e.maven.runtime_3.9.400.20230826-0755\jars\maven-resolver-api-1.9.14.jar
2023-11-29 06:17:34,885 [Worker-27: Launching mavenrun-5c37b6c6-bf81-488d-91d2-01f123c91bac] INFO  o.eclipse.m2e.core.internal.Bundles - 	Entry: C:\Users\gillescas\.p2\pool\plugins\org.eclipse.m2e.maven.runtime_3.9.400.20230826-0755\jars\maven-resolver-connector-basic-1.9.14.jar
2023-11-29 06:17:34,885 [Worker-27: Launching mavenrun-5c37b6c6-bf81-488d-91d2-01f123c91bac] INFO  o.eclipse.m2e.core.internal.Bundles - 	Entry: C:\Users\gillescas\.p2\pool\plugins\org.eclipse.m2e.maven.runtime_3.9.400.20230826-0755\jars\maven-resolver-impl-1.9.14.jar
2023-11-29 06:17:34,886 [Worker-27: Launching mavenrun-5c37b6c6-bf81-488d-91d2-01f123c91bac] INFO  o.eclipse.m2e.core.internal.Bundles - 	Entry: C:\Users\gillescas\.p2\pool\plugins\org.eclipse.m2e.maven.runtime_3.9.400.20230826-0755\jars\maven-resolver-named-locks-1.9.14.jar
2023-11-29 06:17:34,886 [Worker-27: Launching mavenrun-5c37b6c6-bf81-488d-91d2-01f123c91bac] INFO  o.eclipse.m2e.core.internal.Bundles - 	Entry: C:\Users\gillescas\.p2\pool\plugins\org.eclipse.m2e.maven.runtime_3.9.400.20230826-0755\jars\maven-resolver-provider-3.9.4.jar
2023-11-29 06:17:34,886 [Worker-27: Launching mavenrun-5c37b6c6-bf81-488d-91d2-01f123c91bac] INFO  o.eclipse.m2e.core.internal.Bundles - 	Entry: C:\Users\gillescas\.p2\pool\plugins\org.eclipse.m2e.maven.runtime_3.9.400.20230826-0755\jars\maven-resolver-spi-1.9.14.jar
2023-11-29 06:17:34,886 [Worker-27: Launching mavenrun-5c37b6c6-bf81-488d-91d2-01f123c91bac] INFO  o.eclipse.m2e.core.internal.Bundles - 	Entry: C:\Users\gillescas\.p2\pool\plugins\org.eclipse.m2e.maven.runtime_3.9.400.20230826-0755\jars\maven-resolver-transport-wagon-1.9.14.jar
2023-11-29 06:17:34,887 [Worker-27: Launching mavenrun-5c37b6c6-bf81-488d-91d2-01f123c91bac] INFO  o.eclipse.m2e.core.internal.Bundles - 	Entry: C:\Users\gillescas\.p2\pool\plugins\org.eclipse.m2e.maven.runtime_3.9.400.20230826-0755\jars\maven-resolver-util-1.9.14.jar
2023-11-29 06:17:34,887 [Worker-27: Launching mavenrun-5c37b6c6-bf81-488d-91d2-01f123c91bac] INFO  o.eclipse.m2e.core.internal.Bundles - 	Entry: C:\Users\gillescas\.p2\pool\plugins\org.eclipse.m2e.maven.runtime_3.9.400.20230826-0755\jars\maven-settings-3.9.4.jar
2023-11-29 06:17:34,887 [Worker-27: Launching mavenrun-5c37b6c6-bf81-488d-91d2-01f123c91bac] INFO  o.eclipse.m2e.core.internal.Bundles - 	Entry: C:\Users\gillescas\.p2\pool\plugins\org.eclipse.m2e.maven.runtime_3.9.400.20230826-0755\jars\maven-settings-builder-3.9.4.jar
2023-11-29 06:17:34,888 [Worker-27: Launching mavenrun-5c37b6c6-bf81-488d-91d2-01f123c91bac] INFO  o.eclipse.m2e.core.internal.Bundles - 	Entry: C:\Users\gillescas\.p2\pool\plugins\org.eclipse.m2e.maven.runtime_3.9.400.20230826-0755\jars\maven-shared-utils-3.3.4.jar
2023-11-29 06:17:34,888 [Worker-27: Launching mavenrun-5c37b6c6-bf81-488d-91d2-01f123c91bac] INFO  o.eclipse.m2e.core.internal.Bundles - 	Entry: C:\Users\gillescas\.p2\pool\plugins\org.eclipse.m2e.maven.runtime_3.9.400.20230826-0755\jars\okhttp-3.14.1.jar
2023-11-29 06:17:34,888 [Worker-27: Launching mavenrun-5c37b6c6-bf81-488d-91d2-01f123c91bac] INFO  o.eclipse.m2e.core.internal.Bundles - 	Entry: C:\Users\gillescas\.p2\pool\plugins\org.eclipse.m2e.maven.runtime_3.9.400.20230826-0755\jars\okio-1.17.3.jar
2023-11-29 06:17:34,888 [Worker-27: Launching mavenrun-5c37b6c6-bf81-488d-91d2-01f123c91bac] INFO  o.eclipse.m2e.core.internal.Bundles - 	Entry: C:\Users\gillescas\.p2\pool\plugins\org.eclipse.m2e.maven.runtime_3.9.400.20230826-0755\jars\org.eclipse.sisu.inject-0.3.5.jar
2023-11-29 06:17:34,889 [Worker-27: Launching mavenrun-5c37b6c6-bf81-488d-91d2-01f123c91bac] INFO  o.eclipse.m2e.core.internal.Bundles - 	Entry: C:\Users\gillescas\.p2\pool\plugins\org.eclipse.m2e.maven.runtime_3.9.400.20230826-0755\jars\org.eclipse.sisu.plexus-0.3.5.jar
2023-11-29 06:17:34,889 [Worker-27: Launching mavenrun-5c37b6c6-bf81-488d-91d2-01f123c91bac] INFO  o.eclipse.m2e.core.internal.Bundles - 	Entry: C:\Users\gillescas\.p2\pool\plugins\org.eclipse.m2e.maven.runtime_3.9.400.20230826-0755\jars\plexus-build-api-0.0.7.jar
2023-11-29 06:17:34,889 [Worker-27: Launching mavenrun-5c37b6c6-bf81-488d-91d2-01f123c91bac] INFO  o.eclipse.m2e.core.internal.Bundles - 	Entry: C:\Users\gillescas\.p2\pool\plugins\org.eclipse.m2e.maven.runtime_3.9.400.20230826-0755\jars\plexus-cipher-2.0.jar
2023-11-29 06:17:34,889 [Worker-27: Launching mavenrun-5c37b6c6-bf81-488d-91d2-01f123c91bac] INFO  o.eclipse.m2e.core.internal.Bundles - 	Entry: C:\Users\gillescas\.p2\pool\plugins\org.eclipse.m2e.maven.runtime_3.9.400.20230826-0755\jars\plexus-classworlds-2.7.0.jar
2023-11-29 06:17:34,890 [Worker-27: Launching mavenrun-5c37b6c6-bf81-488d-91d2-01f123c91bac] INFO  o.eclipse.m2e.core.internal.Bundles - 	Entry: C:\Users\gillescas\.p2\pool\plugins\org.eclipse.m2e.maven.runtime_3.9.400.20230826-0755\jars\plexus-component-annotations-2.1.0.jar
2023-11-29 06:17:34,890 [Worker-27: Launching mavenrun-5c37b6c6-bf81-488d-91d2-01f123c91bac] INFO  o.eclipse.m2e.core.internal.Bundles - 	Entry: C:\Users\gillescas\.p2\pool\plugins\org.eclipse.m2e.maven.runtime_3.9.400.20230826-0755\jars\plexus-interpolation-1.26.jar
2023-11-29 06:17:34,890 [Worker-27: Launching mavenrun-5c37b6c6-bf81-488d-91d2-01f123c91bac] INFO  o.eclipse.m2e.core.internal.Bundles - 	Entry: C:\Users\gillescas\.p2\pool\plugins\org.eclipse.m2e.maven.runtime_3.9.400.20230826-0755\jars\plexus-sec-dispatcher-2.0.jar
2023-11-29 06:17:34,890 [Worker-27: Launching mavenrun-5c37b6c6-bf81-488d-91d2-01f123c91bac] INFO  o.eclipse.m2e.core.internal.Bundles - 	Entry: C:\Users\gillescas\.p2\pool\plugins\org.eclipse.m2e.maven.runtime_3.9.400.20230826-0755\jars\plexus-utils-3.5.1.jar
2023-11-29 06:17:34,890 [Worker-27: Launching mavenrun-5c37b6c6-bf81-488d-91d2-01f123c91bac] INFO  o.eclipse.m2e.core.internal.Bundles - 	Entry: C:\Users\gillescas\.p2\pool\plugins\org.eclipse.m2e.maven.runtime_3.9.400.20230826-0755\jars\wagon-file-3.5.3.jar
2023-11-29 06:17:34,890 [Worker-27: Launching mavenrun-5c37b6c6-bf81-488d-91d2-01f123c91bac] INFO  o.eclipse.m2e.core.internal.Bundles - 	Entry: C:\Users\gillescas\.p2\pool\plugins\org.eclipse.m2e.maven.runtime_3.9.400.20230826-0755\jars\wagon-provider-api-3.5.3.jar
2023-11-29 06:17:34,891 [Worker-27: Launching mavenrun-5c37b6c6-bf81-488d-91d2-01f123c91bac] INFO  o.eclipse.m2e.core.internal.Bundles - getClasspathEntries(Bundle=com.google.guava_32.1.2.jre [12])
2023-11-29 06:17:34,892 [Worker-27: Launching mavenrun-5c37b6c6-bf81-488d-91d2-01f123c91bac] INFO  o.eclipse.m2e.core.internal.Bundles - 	Entry: C:\Users\gillescas\.p2\pool\plugins\com.google.guava_32.1.2.jre.jar
2023-11-29 06:17:34,892 [Worker-27: Launching mavenrun-5c37b6c6-bf81-488d-91d2-01f123c91bac] INFO  o.eclipse.m2e.core.internal.Bundles - getClasspathEntries(Bundle=slf4j.api_2.0.9 [982])
2023-11-29 06:17:34,892 [Worker-27: Launching mavenrun-5c37b6c6-bf81-488d-91d2-01f123c91bac] INFO  o.eclipse.m2e.core.internal.Bundles - 	Entry: C:\Users\gillescas\.p2\pool\plugins\slf4j.api_2.0.9.jar
2023-11-29 06:17:34,892 [Worker-27: Launching mavenrun-5c37b6c6-bf81-488d-91d2-01f123c91bac] INFO  o.eclipse.m2e.core.internal.Bundles - getClasspathEntries(Bundle=javax.inject_1.0.0.v20220405-0441 [38])
2023-11-29 06:17:34,893 [Worker-27: Launching mavenrun-5c37b6c6-bf81-488d-91d2-01f123c91bac] INFO  o.eclipse.m2e.core.internal.Bundles - 	Entry: C:\Users\gillescas\.p2\pool\plugins\javax.inject_1.0.0.v20220405-0441.jar
2023-11-29 06:17:34,893 [Worker-27: Launching mavenrun-5c37b6c6-bf81-488d-91d2-01f123c91bac] INFO  o.eclipse.m2e.core.internal.Bundles - getClasspathEntries(Bundle=javax.annotation_1.3.5.v20200909-1856 [36])
2023-11-29 06:17:34,893 [Worker-27: Launching mavenrun-5c37b6c6-bf81-488d-91d2-01f123c91bac] INFO  o.eclipse.m2e.core.internal.Bundles - 	Entry: C:\Users\gillescas\.p2\pool\plugins\javax.annotation_1.3.5.v20200909-1856.jar
2023-11-29 06:17:34,893 [Worker-27: Launching mavenrun-5c37b6c6-bf81-488d-91d2-01f123c91bac] INFO  o.eclipse.m2e.core.internal.Bundles - getClasspathEntries(Bundle=org.apache.commons.cli_1.5.0 [73])
2023-11-29 06:17:34,893 [Worker-27: Launching mavenrun-5c37b6c6-bf81-488d-91d2-01f123c91bac] INFO  o.eclipse.m2e.core.internal.Bundles - 	Entry: C:\Users\gillescas\.p2\pool\plugins\org.apache.commons.cli_1.5.0.jar
2023-11-29 06:17:34,893 [Worker-27: Launching mavenrun-5c37b6c6-bf81-488d-91d2-01f123c91bac] INFO  o.eclipse.m2e.core.internal.Bundles - getClasspathEntries(Bundle=com.google.guava.failureaccess_1.0.1 [14])
2023-11-29 06:17:34,894 [Worker-27: Launching mavenrun-5c37b6c6-bf81-488d-91d2-01f123c91bac] INFO  o.eclipse.m2e.core.internal.Bundles - 	Entry: C:\Users\gillescas\.p2\pool\plugins\com.google.guava.failureaccess_1.0.1.jar
2023-11-29 06:17:34,895 [Worker-27: Launching mavenrun-5c37b6c6-bf81-488d-91d2-01f123c91bac] INFO  o.e.m.i.launch.MavenLaunchDelegate - Run build in "C:\Users\GILLES~1\AppData\Local\Temp\m2e-archetypeGenerator12626932268774817244":
2023-11-29 06:17:34,895 [Worker-27: Launching mavenrun-5c37b6c6-bf81-488d-91d2-01f123c91bac] INFO  o.e.m.i.launch.MavenLaunchDelegate -  mvn  -DarchetypeGroupId=org.apache.maven.archetypes -DarchetypeArtifactId=maven-archetype-webapp -DarchetypeVersion=1.0 -DgroupId=gi23544 -DartifactId=ar.com.codoacodo -Dversion=0.0.1-SNAPSHOT -Dpackage=gi23544.ar.com.codoacodo -DoutputDirectory=D:\Desarrollo\TPGI23544 -Dstyle.color=always -U archetype:generate
2023-11-29 06:21:52,390 [Worker-29: Importing Maven projects] INFO  o.e.m.c.i.l.LifecycleMappingFactory - Using org.maven.ide.eclipse.wtp.WarLifecycleMapping lifecycle mapping for MavenProject: ar.com.codoacodo:web-app-23544:0.0.1-SNAPSHOT @ D:\Desarrollo\BETPINTEGRADOR\pom.xml.
2023-11-29 06:21:56,844 [Worker-29: Importing Maven projects] INFO  o.e.m.j.i.AbstractJavaProjectConfigurator - Adding source folder /web-app-23544/src/main/java
2023-11-29 06:21:56,845 [Worker-29: Importing Maven projects] INFO  o.e.m.j.i.AbstractJavaProjectConfigurator - Adding resource folder /web-app-23544/src/main/resources
2023-11-29 06:21:56,846 [Worker-29: Importing Maven projects] INFO  o.e.m.j.i.AbstractJavaProjectConfigurator - Adding source folder /web-app-23544/src/test/java
2023-11-29 06:21:56,846 [Worker-29: Importing Maven projects] INFO  o.e.m.j.i.AbstractJavaProjectConfigurator - Adding resource folder /web-app-23544/src/test/resources
2023-11-29 06:21:57,446 [Worker-29: Importing Maven projects] INFO  o.e.m.c.i.p.ProjectConfigurationManager - Imported and configured 1 project(s) in 7 sec
2023-11-29 06:22:02,106 [Worker-29: Building] WARN  o.a.m.s.f.DefaultMavenResourcesFiltering - Using platform encoding (UTF-8 actually) to copy filtered resources, i.e. build is platform dependent!
2023-11-29 06:22:02,107 [Worker-29: Building] INFO  o.a.m.s.f.DefaultMavenResourcesFiltering - skip non existing resourceDirectory D:\Desarrollo\BETPINTEGRADOR\src\main\resources
2023-11-29 06:22:02,115 [Worker-29: Building] WARN  o.a.m.s.f.DefaultMavenResourcesFiltering - Using platform encoding (UTF-8 actually) to copy filtered resources, i.e. build is platform dependent!
2023-11-29 06:22:02,116 [Worker-29: Building] INFO  o.a.m.s.f.DefaultMavenResourcesFiltering - skip non existing resourceDirectory D:\Desarrollo\BETPINTEGRADOR\src\test\resources
2023-11-29 06:23:35,021 [Worker-33: Building] INFO  o.e.m.c.i.l.LifecycleMappingFactory - Using org.maven.ide.eclipse.wtp.WarLifecycleMapping lifecycle mapping for MavenProject: ar.com.codoacodo:web-app-23544:0.0.1-SNAPSHOT @ D:\Desarrollo\BETPINTEGRADOR\pom.xml.
2023-11-29 06:23:35,225 [Worker-33: Building] INFO  o.e.m.c.i.e.AbstractTransferListenerAdapter - Downloading https://repo.maven.apache.org/maven2/jakarta/servlet/jakarta.servlet-api/6.0.0/jakarta.servlet-api-6.0.0.pom
2023-11-29 06:23:35,290 [Worker-33: Building] INFO  o.e.m.c.i.e.AbstractTransferListenerAdapter - Downloaded https://repo.maven.apache.org/maven2/jakarta/servlet/jakarta.servlet-api/6.0.0/jakarta.servlet-api-6.0.0.pom
2023-11-29 06:23:35,321 [Worker-33: Building] INFO  o.e.m.c.i.e.AbstractTransferListenerAdapter - Downloading https://repo.maven.apache.org/maven2/org/eclipse/ee4j/project/1.0.7/project-1.0.7.pom
2023-11-29 06:23:35,390 [Worker-33: Building] INFO  o.e.m.c.i.e.AbstractTransferListenerAdapter - Downloaded https://repo.maven.apache.org/maven2/org/eclipse/ee4j/project/1.0.7/project-1.0.7.pom
2023-11-29 06:23:35,425 [Worker-33: Building] INFO  o.e.m.c.i.e.AbstractTransferListenerAdapter - Downloading https://repo.maven.apache.org/maven2/jakarta/servlet/jakarta.servlet-api/6.0.0/jakarta.servlet-api-6.0.0.jar
2023-11-29 06:23:35,588 [Worker-33: Building] INFO  o.e.m.c.i.e.AbstractTransferListenerAdapter - Downloaded https://repo.maven.apache.org/maven2/jakarta/servlet/jakarta.servlet-api/6.0.0/jakarta.servlet-api-6.0.0.jar
2023-11-29 06:23:36,248 [Worker-33: Building] WARN  o.a.m.s.f.DefaultMavenResourcesFiltering - Using platform encoding (UTF-8 actually) to copy filtered resources, i.e. build is platform dependent!
2023-11-29 06:23:36,249 [Worker-33: Building] INFO  o.a.m.s.f.DefaultMavenResourcesFiltering - skip non existing resourceDirectory D:\Desarrollo\BETPINTEGRADOR\src\main\resources
2023-11-29 06:23:36,255 [Worker-33: Building] WARN  o.a.m.s.f.DefaultMavenResourcesFiltering - Using platform encoding (UTF-8 actually) to copy filtered resources, i.e. build is platform dependent!
2023-11-29 06:23:36,256 [Worker-33: Building] INFO  o.a.m.s.f.DefaultMavenResourcesFiltering - skip non existing resourceDirectory D:\Desarrollo\BETPINTEGRADOR\src\test\resources
2023-11-29 06:23:36,406 [Worker-33: Building] INFO  o.e.m.w.i.f.ResourceFilteringBuildParticipant - Changed resources require a complete clean of filtered resources of web-app-23544
2023-11-29 06:23:36,408 [Worker-33: Building] INFO  o.e.m.w.i.f.ResourceFilteringBuildParticipant - Executing resource filtering for web-app-23544
2023-11-29 06:23:37,331 [Worker-28: Download sources and javadoc] INFO  o.e.m.c.i.e.AbstractTransferListenerAdapter - Downloading https://repo.maven.apache.org/maven2/jakarta/servlet/jakarta.servlet-api/6.0.0/jakarta.servlet-api-6.0.0-sources.jar
2023-11-29 06:23:37,563 [Worker-28: Download sources and javadoc] INFO  o.e.m.c.i.e.AbstractTransferListenerAdapter - Downloaded https://repo.maven.apache.org/maven2/jakarta/servlet/jakarta.servlet-api/6.0.0/jakarta.servlet-api-6.0.0-sources.jar
2023-11-29 06:23:37,567 [Worker-28: Download sources and javadoc] INFO  o.e.m.j.internal.DownloadSourcesJob - Downloaded sources for jakarta.servlet:jakarta.servlet-api:6.0.0
2023-11-29 06:23:38,132 [Worker-28: Building] WARN  o.a.m.s.f.DefaultMavenResourcesFiltering - Using platform encoding (UTF-8 actually) to copy filtered resources, i.e. build is platform dependent!
2023-11-29 06:23:38,133 [Worker-28: Building] INFO  o.a.m.s.f.DefaultMavenResourcesFiltering - skip non existing resourceDirectory D:\Desarrollo\BETPINTEGRADOR\src\main\resources
2023-11-29 06:23:38,137 [Worker-28: Building] WARN  o.a.m.s.f.DefaultMavenResourcesFiltering - Using platform encoding (UTF-8 actually) to copy filtered resources, i.e. build is platform dependent!
2023-11-29 06:23:38,138 [Worker-28: Building] INFO  o.a.m.s.f.DefaultMavenResourcesFiltering - skip non existing resourceDirectory D:\Desarrollo\BETPINTEGRADOR\src\test\resources
2023-11-29 06:24:57,995 [Worker-32: Building] WARN  o.a.m.s.f.DefaultMavenResourcesFiltering - Using platform encoding (UTF-8 actually) to copy filtered resources, i.e. build is platform dependent!
2023-11-29 06:24:57,996 [Worker-32: Building] INFO  o.a.m.s.f.DefaultMavenResourcesFiltering - skip non existing resourceDirectory D:\Desarrollo\BETPINTEGRADOR\src\main\resources
2023-11-29 06:24:58,000 [Worker-32: Building] WARN  o.a.m.s.f.DefaultMavenResourcesFiltering - Using platform encoding (UTF-8 actually) to copy filtered resources, i.e. build is platform dependent!
2023-11-29 06:24:58,001 [Worker-32: Building] INFO  o.a.m.s.f.DefaultMavenResourcesFiltering - skip non existing resourceDirectory D:\Desarrollo\BETPINTEGRADOR\src\test\resources
2023-11-29 06:26:31,276 [Worker-28: Building] WARN  o.a.m.s.f.DefaultMavenResourcesFiltering - Using platform encoding (UTF-8 actually) to copy filtered resources, i.e. build is platform dependent!
2023-11-29 06:26:31,277 [Worker-28: Building] INFO  o.a.m.s.f.DefaultMavenResourcesFiltering - skip non existing resourceDirectory D:\Desarrollo\BETPINTEGRADOR\src\main\resources
2023-11-29 06:26:31,281 [Worker-28: Building] WARN  o.a.m.s.f.DefaultMavenResourcesFiltering - Using platform encoding (UTF-8 actually) to copy filtered resources, i.e. build is platform dependent!
2023-11-29 06:26:31,281 [Worker-28: Building] INFO  o.a.m.s.f.DefaultMavenResourcesFiltering - skip non existing resourceDirectory D:\Desarrollo\BETPINTEGRADOR\src\test\resources
2023-11-29 06:29:20,066 [Worker-28: Building] WARN  o.a.m.s.f.DefaultMavenResourcesFiltering - Using platform encoding (UTF-8 actually) to copy filtered resources, i.e. build is platform dependent!
2023-11-29 06:29:20,067 [Worker-28: Building] INFO  o.a.m.s.f.DefaultMavenResourcesFiltering - skip non existing resourceDirectory D:\Desarrollo\BETPINTEGRADOR\src\main\resources
2023-11-29 06:29:20,069 [Worker-28: Building] WARN  o.a.m.s.f.DefaultMavenResourcesFiltering - Using platform encoding (UTF-8 actually) to copy filtered resources, i.e. build is platform dependent!
2023-11-29 06:29:20,070 [Worker-28: Building] INFO  o.a.m.s.f.DefaultMavenResourcesFiltering - skip non existing resourceDirectory D:\Desarrollo\BETPINTEGRADOR\src\test\resources
2023-11-29 06:29:29,978 [Worker-30: Building] WARN  o.a.m.s.f.DefaultMavenResourcesFiltering - Using platform encoding (UTF-8 actually) to copy filtered resources, i.e. build is platform dependent!
2023-11-29 06:29:29,979 [Worker-30: Building] INFO  o.a.m.s.f.DefaultMavenResourcesFiltering - skip non existing resourceDirectory D:\Desarrollo\BETPINTEGRADOR\src\main\resources
2023-11-29 06:29:29,981 [Worker-30: Building] WARN  o.a.m.s.f.DefaultMavenResourcesFiltering - Using platform encoding (UTF-8 actually) to copy filtered resources, i.e. build is platform dependent!
2023-11-29 06:29:29,982 [Worker-30: Building] INFO  o.a.m.s.f.DefaultMavenResourcesFiltering - skip non existing resourceDirectory D:\Desarrollo\BETPINTEGRADOR\src\test\resources
2023-11-29 06:29:41,826 [Worker-32: Building] WARN  o.a.m.s.f.DefaultMavenResourcesFiltering - Using platform encoding (UTF-8 actually) to copy filtered resources, i.e. build is platform dependent!
2023-11-29 06:29:41,827 [Worker-32: Building] INFO  o.a.m.s.f.DefaultMavenResourcesFiltering - skip non existing resourceDirectory D:\Desarrollo\BETPINTEGRADOR\src\main\resources
2023-11-29 06:29:41,831 [Worker-32: Building] WARN  o.a.m.s.f.DefaultMavenResourcesFiltering - Using platform encoding (UTF-8 actually) to copy filtered resources, i.e. build is platform dependent!
2023-11-29 06:29:41,832 [Worker-32: Building] INFO  o.a.m.s.f.DefaultMavenResourcesFiltering - skip non existing resourceDirectory D:\Desarrollo\BETPINTEGRADOR\src\test\resources
2023-11-29 06:30:05,887 [Worker-29: Building] WARN  o.a.m.s.f.DefaultMavenResourcesFiltering - Using platform encoding (UTF-8 actually) to copy filtered resources, i.e. build is platform dependent!
2023-11-29 06:30:05,889 [Worker-29: Building] INFO  o.a.m.s.f.DefaultMavenResourcesFiltering - skip non existing resourceDirectory D:\Desarrollo\BETPINTEGRADOR\src\main\resources
2023-11-29 06:30:05,892 [Worker-29: Building] WARN  o.a.m.s.f.DefaultMavenResourcesFiltering - Using platform encoding (UTF-8 actually) to copy filtered resources, i.e. build is platform dependent!
2023-11-29 06:30:05,892 [Worker-29: Building] INFO  o.a.m.s.f.DefaultMavenResourcesFiltering - skip non existing resourceDirectory D:\Desarrollo\BETPINTEGRADOR\src\test\resources
2023-11-29 06:35:34,680 [Worker-29: Building] WARN  o.a.m.s.f.DefaultMavenResourcesFiltering - Using platform encoding (UTF-8 actually) to copy filtered resources, i.e. build is platform dependent!
2023-11-29 06:35:34,681 [Worker-29: Building] INFO  o.a.m.s.f.DefaultMavenResourcesFiltering - skip non existing resourceDirectory D:\Desarrollo\BETPINTEGRADOR\src\main\resources
2023-11-29 06:35:34,685 [Worker-29: Building] WARN  o.a.m.s.f.DefaultMavenResourcesFiltering - Using platform encoding (UTF-8 actually) to copy filtered resources, i.e. build is platform dependent!
2023-11-29 06:35:34,686 [Worker-29: Building] INFO  o.a.m.s.f.DefaultMavenResourcesFiltering - skip non existing resourceDirectory D:\Desarrollo\BETPINTEGRADOR\src\test\resources
2023-11-29 06:35:57,714 [Worker-33: Building] WARN  o.a.m.s.f.DefaultMavenResourcesFiltering - Using platform encoding (UTF-8 actually) to copy filtered resources, i.e. build is platform dependent!
2023-11-29 06:35:57,714 [Worker-33: Building] INFO  o.a.m.s.f.DefaultMavenResourcesFiltering - skip non existing resourceDirectory D:\Desarrollo\BETPINTEGRADOR\src\main\resources
2023-11-29 06:35:57,717 [Worker-33: Building] WARN  o.a.m.s.f.DefaultMavenResourcesFiltering - Using platform encoding (UTF-8 actually) to copy filtered resources, i.e. build is platform dependent!
2023-11-29 06:35:57,717 [Worker-33: Building] INFO  o.a.m.s.f.DefaultMavenResourcesFiltering - skip non existing resourceDirectory D:\Desarrollo\BETPINTEGRADOR\src\test\resources
2023-11-29 06:36:02,367 [Worker-34: Building] WARN  o.a.m.s.f.DefaultMavenResourcesFiltering - Using platform encoding (UTF-8 actually) to copy filtered resources, i.e. build is platform dependent!
2023-11-29 06:36:02,368 [Worker-34: Building] INFO  o.a.m.s.f.DefaultMavenResourcesFiltering - skip non existing resourceDirectory D:\Desarrollo\BETPINTEGRADOR\src\main\resources
2023-11-29 06:36:02,372 [Worker-34: Building] WARN  o.a.m.s.f.DefaultMavenResourcesFiltering - Using platform encoding (UTF-8 actually) to copy filtered resources, i.e. build is platform dependent!
2023-11-29 06:36:02,373 [Worker-34: Building] INFO  o.a.m.s.f.DefaultMavenResourcesFiltering - skip non existing resourceDirectory D:\Desarrollo\BETPINTEGRADOR\src\test\resources
2023-11-29 06:36:50,019 [Worker-33: Building] WARN  o.a.m.s.f.DefaultMavenResourcesFiltering - Using platform encoding (UTF-8 actually) to copy filtered resources, i.e. build is platform dependent!
2023-11-29 06:36:50,020 [Worker-33: Building] INFO  o.a.m.s.f.DefaultMavenResourcesFiltering - skip non existing resourceDirectory D:\Desarrollo\BETPINTEGRADOR\src\main\resources
2023-11-29 06:36:50,023 [Worker-33: Building] WARN  o.a.m.s.f.DefaultMavenResourcesFiltering - Using platform encoding (UTF-8 actually) to copy filtered resources, i.e. build is platform dependent!
2023-11-29 06:36:50,023 [Worker-33: Building] INFO  o.a.m.s.f.DefaultMavenResourcesFiltering - skip non existing resourceDirectory D:\Desarrollo\BETPINTEGRADOR\src\test\resources
2023-11-30 21:45:00,895 [Worker-5: Loading available Gradle versions] INFO  o.e.b.c.i.u.g.PublishedGradleVersions - Gradle version information cache is out-of-date. Trying to update.
2023-11-30 21:45:17,041 [Worker-17: Building] WARN  o.a.m.s.f.DefaultMavenResourcesFiltering - Using platform encoding (UTF-8 actually) to copy filtered resources, i.e. build is platform dependent!
2023-11-30 21:45:17,042 [Worker-17: Building] INFO  o.a.m.s.f.DefaultMavenResourcesFiltering - skip non existing resourceDirectory D:\Desarrollo\BETPINTEGRADOR\src\main\resources
2023-11-30 21:45:17,047 [Worker-17: Building] WARN  o.a.m.s.f.DefaultMavenResourcesFiltering - Using platform encoding (UTF-8 actually) to copy filtered resources, i.e. build is platform dependent!
2023-11-30 21:45:17,048 [Worker-17: Building] INFO  o.a.m.s.f.DefaultMavenResourcesFiltering - skip non existing resourceDirectory D:\Desarrollo\BETPINTEGRADOR\src\test\resources
2023-11-30 21:45:47,764 [Worker-14: Building] WARN  o.a.m.s.f.DefaultMavenResourcesFiltering - Using platform encoding (UTF-8 actually) to copy filtered resources, i.e. build is platform dependent!
2023-11-30 21:45:47,764 [Worker-14: Building] INFO  o.a.m.s.f.DefaultMavenResourcesFiltering - skip non existing resourceDirectory D:\Desarrollo\BETPINTEGRADOR\src\main\resources
2023-11-30 21:45:47,767 [Worker-14: Building] WARN  o.a.m.s.f.DefaultMavenResourcesFiltering - Using platform encoding (UTF-8 actually) to copy filtered resources, i.e. build is platform dependent!
2023-11-30 21:45:47,768 [Worker-14: Building] INFO  o.a.m.s.f.DefaultMavenResourcesFiltering - skip non existing resourceDirectory D:\Desarrollo\BETPINTEGRADOR\src\test\resources
2023-12-03 05:38:04,059 [Worker-7: Loading available Gradle versions] INFO  o.e.b.c.i.u.g.PublishedGradleVersions - Gradle version information cache is out-of-date. Trying to update.
2023-12-03 05:38:04,976 [Worker-7: Loading available Gradle versions] INFO  o.e.b.c.i.u.g.PublishedGradleVersions - Updating Gradle version information cache failed. Using outdated cache.
2023-12-11 07:25:20,248 [Worker-3: Loading available Gradle versions] INFO  o.e.b.c.i.u.g.PublishedGradleVersions - Gradle version information cache is out-of-date. Trying to update.
2023-12-11 09:11:12,390 [Worker-1: Loading available Gradle versions] INFO  o.e.b.c.i.u.g.PublishedGradleVersions - Gradle version information cache is up-to-date. Trying to read.
2023-12-11 09:11:14,007 [Worker-3: reload maven project] INFO  o.e.m.c.i.e.AbstractTransferListenerAdapter - Downloading https://repo.maven.apache.org/maven2/com/fasterxml/jackson/core/jackson-databind/2.10.0/jackson-databind-2.10.0.pom
2023-12-11 09:11:14,194 [Worker-3: reload maven project] INFO  o.e.m.c.i.e.AbstractTransferListenerAdapter - Downloaded https://repo.maven.apache.org/maven2/com/fasterxml/jackson/core/jackson-databind/2.10.0/jackson-databind-2.10.0.pom
2023-12-11 09:11:14,288 [Worker-3: reload maven project] INFO  o.e.m.c.i.e.AbstractTransferListenerAdapter - Downloading https://repo.maven.apache.org/maven2/com/fasterxml/jackson/jackson-base/2.10.0/jackson-base-2.10.0.pom
2023-12-11 09:11:14,544 [Worker-3: reload maven project] INFO  o.e.m.c.i.e.AbstractTransferListenerAdapter - Downloaded https://repo.maven.apache.org/maven2/com/fasterxml/jackson/jackson-base/2.10.0/jackson-base-2.10.0.pom
2023-12-11 09:11:14,608 [Worker-3: reload maven project] INFO  o.e.m.c.i.e.AbstractTransferListenerAdapter - Downloading https://repo.maven.apache.org/maven2/com/fasterxml/jackson/jackson-bom/2.10.0/jackson-bom-2.10.0.pom
2023-12-11 09:11:14,714 [Worker-3: reload maven project] INFO  o.e.m.c.i.e.AbstractTransferListenerAdapter - Downloaded https://repo.maven.apache.org/maven2/com/fasterxml/jackson/jackson-bom/2.10.0/jackson-bom-2.10.0.pom
2023-12-11 09:11:14,786 [Worker-3: reload maven project] INFO  o.e.m.c.i.e.AbstractTransferListenerAdapter - Downloading https://repo.maven.apache.org/maven2/com/fasterxml/jackson/jackson-parent/2.10/jackson-parent-2.10.pom
2023-12-11 09:11:14,894 [Worker-3: reload maven project] INFO  o.e.m.c.i.e.AbstractTransferListenerAdapter - Downloaded https://repo.maven.apache.org/maven2/com/fasterxml/jackson/jackson-parent/2.10/jackson-parent-2.10.pom
2023-12-11 09:11:14,957 [Worker-3: reload maven project] INFO  o.e.m.c.i.e.AbstractTransferListenerAdapter - Downloading https://repo.maven.apache.org/maven2/com/fasterxml/oss-parent/38/oss-parent-38.pom
2023-12-11 09:11:15,076 [Worker-3: reload maven project] INFO  o.e.m.c.i.e.AbstractTransferListenerAdapter - Downloaded https://repo.maven.apache.org/maven2/com/fasterxml/oss-parent/38/oss-parent-38.pom
2023-12-11 09:11:15,149 [Worker-3: reload maven project] INFO  o.e.m.c.i.e.AbstractTransferListenerAdapter - Downloading https://repo.maven.apache.org/maven2/com/fasterxml/jackson/core/jackson-annotations/2.10.0/jackson-annotations-2.10.0.pom
2023-12-11 09:11:15,418 [Worker-3: reload maven project] INFO  o.e.m.c.i.e.AbstractTransferListenerAdapter - Downloaded https://repo.maven.apache.org/maven2/com/fasterxml/jackson/core/jackson-annotations/2.10.0/jackson-annotations-2.10.0.pom
2023-12-11 09:11:15,498 [Worker-3: reload maven project] INFO  o.e.m.c.i.e.AbstractTransferListenerAdapter - Downloading https://repo.maven.apache.org/maven2/com/fasterxml/jackson/core/jackson-core/2.10.0/jackson-core-2.10.0.pom
2023-12-11 09:11:15,632 [Worker-3: reload maven project] INFO  o.e.m.c.i.e.AbstractTransferListenerAdapter - Downloaded https://repo.maven.apache.org/maven2/com/fasterxml/jackson/core/jackson-core/2.10.0/jackson-core-2.10.0.pom
2023-12-11 09:11:15,700 [Worker-3: reload maven project] INFO  o.e.m.c.i.e.AbstractTransferListenerAdapter - Downloading https://repo.maven.apache.org/maven2/com/fasterxml/jackson/datatype/jackson-datatype-jsr310/2.10.0/jackson-datatype-jsr310-2.10.0.pom
2023-12-11 09:11:15,802 [Worker-3: reload maven project] INFO  o.e.m.c.i.e.AbstractTransferListenerAdapter - Downloaded https://repo.maven.apache.org/maven2/com/fasterxml/jackson/datatype/jackson-datatype-jsr310/2.10.0/jackson-datatype-jsr310-2.10.0.pom
2023-12-11 09:11:15,858 [Worker-3: reload maven project] INFO  o.e.m.c.i.e.AbstractTransferListenerAdapter - Downloading https://repo.maven.apache.org/maven2/com/fasterxml/jackson/module/jackson-modules-java8/2.10.0/jackson-modules-java8-2.10.0.pom
2023-12-11 09:11:16,437 [Worker-3: reload maven project] INFO  o.e.m.c.i.e.AbstractTransferListenerAdapter - Downloaded https://repo.maven.apache.org/maven2/com/fasterxml/jackson/module/jackson-modules-java8/2.10.0/jackson-modules-java8-2.10.0.pom
2023-12-11 09:11:16,549 [AetherRepositoryConnector-repo.maven.apache.org-0-1] INFO  o.e.m.c.i.e.AbstractTransferListenerAdapter - Downloading https://repo.maven.apache.org/maven2/com/fasterxml/jackson/core/jackson-annotations/2.10.0/jackson-annotations-2.10.0.jar
2023-12-11 09:11:16,625 [AetherRepositoryConnector-repo.maven.apache.org-0-3] INFO  o.e.m.c.i.e.AbstractTransferListenerAdapter - Downloading https://repo.maven.apache.org/maven2/com/fasterxml/jackson/datatype/jackson-datatype-jsr310/2.10.0/jackson-datatype-jsr310-2.10.0.jar
2023-12-11 09:11:16,625 [AetherRepositoryConnector-repo.maven.apache.org-0-2] INFO  o.e.m.c.i.e.AbstractTransferListenerAdapter - Downloading https://repo.maven.apache.org/maven2/com/fasterxml/jackson/core/jackson-core/2.10.0/jackson-core-2.10.0.jar
2023-12-11 09:11:16,628 [AetherRepositoryConnector-repo.maven.apache.org-0-0] INFO  o.e.m.c.i.e.AbstractTransferListenerAdapter - Downloading https://repo.maven.apache.org/maven2/com/fasterxml/jackson/core/jackson-databind/2.10.0/jackson-databind-2.10.0.jar
2023-12-11 09:11:17,099 [AetherRepositoryConnector-repo.maven.apache.org-0-1] INFO  o.e.m.c.i.e.AbstractTransferListenerAdapter - Downloaded https://repo.maven.apache.org/maven2/com/fasterxml/jackson/core/jackson-annotations/2.10.0/jackson-annotations-2.10.0.jar
2023-12-11 09:11:17,236 [AetherRepositoryConnector-repo.maven.apache.org-0-3] INFO  o.e.m.c.i.e.AbstractTransferListenerAdapter - Downloaded https://repo.maven.apache.org/maven2/com/fasterxml/jackson/datatype/jackson-datatype-jsr310/2.10.0/jackson-datatype-jsr310-2.10.0.jar
2023-12-11 09:11:17,720 [AetherRepositoryConnector-repo.maven.apache.org-0-2] INFO  o.e.m.c.i.e.AbstractTransferListenerAdapter - Downloaded https://repo.maven.apache.org/maven2/com/fasterxml/jackson/core/jackson-core/2.10.0/jackson-core-2.10.0.jar
2023-12-11 09:11:18,261 [AetherRepositoryConnector-repo.maven.apache.org-0-0] INFO  o.e.m.c.i.e.AbstractTransferListenerAdapter - Downloaded https://repo.maven.apache.org/maven2/com/fasterxml/jackson/core/jackson-databind/2.10.0/jackson-databind-2.10.0.jar
2023-12-11 09:11:21,070 [Worker-12: Building] INFO  o.e.m.c.i.l.LifecycleMappingFactory - Using org.maven.ide.eclipse.wtp.WarLifecycleMapping lifecycle mapping for MavenProject: ar.com.codoacodo:web-app-23544:0.0.1-SNAPSHOT @ D:\Desarrollo\BETPINTEGRADOR\pom.xml.
2023-12-11 09:11:24,175 [Worker-12: Building] WARN  o.a.m.s.f.DefaultMavenResourcesFiltering - Using platform encoding (UTF-8 actually) to copy filtered resources, i.e. build is platform dependent!
2023-12-11 09:11:24,176 [Worker-12: Building] INFO  o.a.m.s.f.DefaultMavenResourcesFiltering - skip non existing resourceDirectory D:\Desarrollo\BETPINTEGRADOR\src\main\resources
2023-12-11 09:11:24,181 [Worker-12: Building] WARN  o.a.m.s.f.DefaultMavenResourcesFiltering - Using platform encoding (UTF-8 actually) to copy filtered resources, i.e. build is platform dependent!
2023-12-11 09:11:24,217 [Worker-12: Building] INFO  o.a.m.s.f.DefaultMavenResourcesFiltering - skip non existing resourceDirectory D:\Desarrollo\BETPINTEGRADOR\src\test\resources
2023-12-11 09:11:25,404 [Worker-12: Download sources and javadoc] INFO  o.e.m.c.i.e.AbstractTransferListenerAdapter - Downloading https://repo.maven.apache.org/maven2/com/fasterxml/jackson/core/jackson-databind/2.10.0/jackson-databind-2.10.0-sources.jar
2023-12-11 09:11:26,314 [Worker-12: Download sources and javadoc] INFO  o.e.m.c.i.e.AbstractTransferListenerAdapter - Downloaded https://repo.maven.apache.org/maven2/com/fasterxml/jackson/core/jackson-databind/2.10.0/jackson-databind-2.10.0-sources.jar
2023-12-11 09:11:26,318 [Worker-12: Download sources and javadoc] INFO  o.e.m.j.internal.DownloadSourcesJob - Downloaded sources for com.fasterxml.jackson.core:jackson-databind:2.10.0
2023-12-11 09:11:26,487 [Worker-12: Download sources and javadoc] INFO  o.e.m.c.i.e.AbstractTransferListenerAdapter - Downloading https://repo.maven.apache.org/maven2/com/fasterxml/jackson/core/jackson-annotations/2.10.0/jackson-annotations-2.10.0-sources.jar
2023-12-11 09:11:26,640 [Worker-12: Download sources and javadoc] INFO  o.e.m.c.i.e.AbstractTransferListenerAdapter - Downloaded https://repo.maven.apache.org/maven2/com/fasterxml/jackson/core/jackson-annotations/2.10.0/jackson-annotations-2.10.0-sources.jar
2023-12-11 09:11:26,645 [Worker-12: Download sources and javadoc] INFO  o.e.m.j.internal.DownloadSourcesJob - Downloaded sources for com.fasterxml.jackson.core:jackson-annotations:2.10.0
2023-12-11 09:11:26,850 [Worker-12: Download sources and javadoc] INFO  o.e.m.c.i.e.AbstractTransferListenerAdapter - Downloading https://repo.maven.apache.org/maven2/com/fasterxml/jackson/core/jackson-core/2.10.0/jackson-core-2.10.0-sources.jar
2023-12-11 09:11:27,434 [Worker-12: Download sources and javadoc] INFO  o.e.m.c.i.e.AbstractTransferListenerAdapter - Downloaded https://repo.maven.apache.org/maven2/com/fasterxml/jackson/core/jackson-core/2.10.0/jackson-core-2.10.0-sources.jar
2023-12-11 09:11:27,440 [Worker-12: Download sources and javadoc] INFO  o.e.m.j.internal.DownloadSourcesJob - Downloaded sources for com.fasterxml.jackson.core:jackson-core:2.10.0
2023-12-11 09:11:27,621 [Worker-12: Download sources and javadoc] INFO  o.e.m.c.i.e.AbstractTransferListenerAdapter - Downloading https://repo.maven.apache.org/maven2/com/fasterxml/jackson/datatype/jackson-datatype-jsr310/2.10.0/jackson-datatype-jsr310-2.10.0-sources.jar
2023-12-11 09:11:27,809 [Worker-12: Download sources and javadoc] INFO  o.e.m.c.i.e.AbstractTransferListenerAdapter - Downloaded https://repo.maven.apache.org/maven2/com/fasterxml/jackson/datatype/jackson-datatype-jsr310/2.10.0/jackson-datatype-jsr310-2.10.0-sources.jar
2023-12-11 09:11:27,813 [Worker-12: Download sources and javadoc] INFO  o.e.m.j.internal.DownloadSourcesJob - Downloaded sources for com.fasterxml.jackson.datatype:jackson-datatype-jsr310:2.10.0
2023-12-11 09:44:13,299 [Worker-31: Building] WARN  o.a.m.s.f.DefaultMavenResourcesFiltering - Using platform encoding (UTF-8 actually) to copy filtered resources, i.e. build is platform dependent!
2023-12-11 09:44:13,300 [Worker-31: Building] INFO  o.a.m.s.f.DefaultMavenResourcesFiltering - skip non existing resourceDirectory D:\Desarrollo\BETPINTEGRADOR\src\main\resources
2023-12-11 09:44:13,302 [Worker-31: Building] WARN  o.a.m.s.f.DefaultMavenResourcesFiltering - Using platform encoding (UTF-8 actually) to copy filtered resources, i.e. build is platform dependent!
2023-12-11 09:44:13,346 [Worker-31: Building] INFO  o.a.m.s.f.DefaultMavenResourcesFiltering - skip non existing resourceDirectory D:\Desarrollo\BETPINTEGRADOR\src\test\resources
2023-12-11 09:44:23,327 [Worker-35: Building] WARN  o.a.m.s.f.DefaultMavenResourcesFiltering - Using platform encoding (UTF-8 actually) to copy filtered resources, i.e. build is platform dependent!
2023-12-11 09:44:23,328 [Worker-35: Building] INFO  o.a.m.s.f.DefaultMavenResourcesFiltering - skip non existing resourceDirectory D:\Desarrollo\BETPINTEGRADOR\src\main\resources
2023-12-11 09:44:23,332 [Worker-35: Building] WARN  o.a.m.s.f.DefaultMavenResourcesFiltering - Using platform encoding (UTF-8 actually) to copy filtered resources, i.e. build is platform dependent!
2023-12-11 09:44:23,333 [Worker-35: Building] INFO  o.a.m.s.f.DefaultMavenResourcesFiltering - skip non existing resourceDirectory D:\Desarrollo\BETPINTEGRADOR\src\test\resources
2023-12-11 09:45:42,522 [Worker-35: Building] WARN  o.a.m.s.f.DefaultMavenResourcesFiltering - Using platform encoding (UTF-8 actually) to copy filtered resources, i.e. build is platform dependent!
2023-12-11 09:45:42,523 [Worker-35: Building] INFO  o.a.m.s.f.DefaultMavenResourcesFiltering - skip non existing resourceDirectory D:\Desarrollo\BETPINTEGRADOR\src\main\resources
2023-12-11 09:45:42,525 [Worker-35: Building] WARN  o.a.m.s.f.DefaultMavenResourcesFiltering - Using platform encoding (UTF-8 actually) to copy filtered resources, i.e. build is platform dependent!
2023-12-11 09:45:42,526 [Worker-35: Building] INFO  o.a.m.s.f.DefaultMavenResourcesFiltering - skip non existing resourceDirectory D:\Desarrollo\BETPINTEGRADOR\src\test\resources
2023-12-11 09:48:19,316 [Worker-31: Building] WARN  o.a.m.s.f.DefaultMavenResourcesFiltering - Using platform encoding (UTF-8 actually) to copy filtered resources, i.e. build is platform dependent!
2023-12-11 09:48:19,317 [Worker-31: Building] INFO  o.a.m.s.f.DefaultMavenResourcesFiltering - skip non existing resourceDirectory D:\Desarrollo\BETPINTEGRADOR\src\main\resources
2023-12-11 09:48:19,320 [Worker-31: Building] WARN  o.a.m.s.f.DefaultMavenResourcesFiltering - Using platform encoding (UTF-8 actually) to copy filtered resources, i.e. build is platform dependent!
2023-12-11 09:48:19,320 [Worker-31: Building] INFO  o.a.m.s.f.DefaultMavenResourcesFiltering - skip non existing resourceDirectory D:\Desarrollo\BETPINTEGRADOR\src\test\resources
2023-12-11 09:56:13,171 [Worker-39: Building] WARN  o.a.m.s.f.DefaultMavenResourcesFiltering - Using platform encoding (UTF-8 actually) to copy filtered resources, i.e. build is platform dependent!
2023-12-11 09:56:13,172 [Worker-39: Building] INFO  o.a.m.s.f.DefaultMavenResourcesFiltering - skip non existing resourceDirectory D:\Desarrollo\BETPINTEGRADOR\src\main\resources
2023-12-11 09:56:13,176 [Worker-39: Building] WARN  o.a.m.s.f.DefaultMavenResourcesFiltering - Using platform encoding (UTF-8 actually) to copy filtered resources, i.e. build is platform dependent!
2023-12-11 09:56:13,212 [Worker-39: Building] INFO  o.a.m.s.f.DefaultMavenResourcesFiltering - skip non existing resourceDirectory D:\Desarrollo\BETPINTEGRADOR\src\test\resources
2023-12-11 10:19:34,725 [Worker-54: Building] WARN  o.a.m.s.f.DefaultMavenResourcesFiltering - Using platform encoding (UTF-8 actually) to copy filtered resources, i.e. build is platform dependent!
2023-12-11 10:19:34,727 [Worker-54: Building] INFO  o.a.m.s.f.DefaultMavenResourcesFiltering - skip non existing resourceDirectory D:\Desarrollo\BETPINTEGRADOR\src\main\resources
2023-12-11 10:19:34,729 [Worker-54: Building] WARN  o.a.m.s.f.DefaultMavenResourcesFiltering - Using platform encoding (UTF-8 actually) to copy filtered resources, i.e. build is platform dependent!
2023-12-11 10:19:34,730 [Worker-54: Building] INFO  o.a.m.s.f.DefaultMavenResourcesFiltering - skip non existing resourceDirectory D:\Desarrollo\BETPINTEGRADOR\src\test\resources
2023-12-14 07:29:42,540 [Worker-3: Loading available Gradle versions] INFO  o.e.b.c.i.u.g.PublishedGradleVersions - Gradle version information cache is out-of-date. Trying to update.
2023-12-14 07:29:43,153 [Worker-3: Loading available Gradle versions] INFO  o.e.b.c.i.u.g.PublishedGradleVersions - Updating Gradle version information cache failed. Using outdated cache.
2023-12-14 07:42:55,758 [Worker-3: Loading available Gradle versions] INFO  o.e.b.c.i.u.g.PublishedGradleVersions - Gradle version information cache is out-of-date. Trying to update.
2023-12-14 07:42:56,358 [Worker-3: Loading available Gradle versions] INFO  o.e.b.c.i.u.g.PublishedGradleVersions - Updating Gradle version information cache failed. Using outdated cache.
